#
# There is insufficient memory for the Java Runtime Environment to continue.
# Native memory allocation (mmap) failed to map 130023424 bytes for G1 virtual space
# Possible reasons:
#   The system is out of physical RAM or swap space
#   The process is running with CompressedOops enabled, and the Java Heap may be blocking the growth of the native heap
# Possible solutions:
#   Reduce memory load on the system
#   Increase physical memory or swap space
#   Check if swap backing store is full
#   Decrease Java heap size (-Xmx/-Xms)
#   Decrease number of Java threads
#   Decrease Java thread stack sizes (-Xss)
#   Set larger code cache with -XX:ReservedCodeCacheSize=
#   JVM is running with Unscaled Compressed Oops mode in which the Java heap is
#     placed in the first 4GB address space. The Java Heap base address is the
#     maximum limit for the native heap growth. Please use -XX:HeapBaseMinAddress
#     to set the Java Heap base and to place the Java Heap above 4GB virtual address.
# This output file may be truncated or incomplete.
#
#  Out of Memory Error (os_windows.cpp:3600), pid=4000, tid=17252
#
# JRE version:  (21.0.2+13) (build )
# Java VM: Java HotSpot(TM) 64-Bit Server VM (21.0.2+13-LTS-58, mixed mode, sharing, tiered, compressed oops, compressed class ptrs, g1 gc, windows-amd64)
# No core dump will be written. Minidumps are not enabled by default on client versions of Windows
#

---------------  S U M M A R Y ------------

Command Line: 

Host: 12th Gen Intel(R) Core(TM) i5-12450H, 12 cores, 7G,  Windows 11 , 64 bit Build 22621 (10.0.22621.5415)
Time: Wed Jul 23 22:49:50 2025 India Standard Time elapsed time: 0.015850 seconds (0d 0h 0m 0s)

---------------  T H R E A D  ---------------

Current thread (0x00000166fb86c8e0):  JavaThread "Unknown thread" [_thread_in_vm, id=17252, stack(0x0000003a10b00000,0x0000003a10c00000) (1024K)]

Stack: [0x0000003a10b00000,0x0000003a10c00000]
Native frames: (J=compiled Java code, j=interpreted, Vv=VM code, C=native code)
V  [jvm.dll+0x6cade9]
V  [jvm.dll+0x8569c1]
V  [jvm.dll+0x858d2e]
V  [jvm.dll+0x859413]
V  [jvm.dll+0x280e56]
V  [jvm.dll+0x6c74d5]
V  [jvm.dll+0x6bbeca]
V  [jvm.dll+0x355bca]
V  [jvm.dll+0x35d816]
V  [jvm.dll+0x3ae67e]
V  [jvm.dll+0x3ae928]
V  [jvm.dll+0x3295dc]
V  [jvm.dll+0x32a16b]
V  [jvm.dll+0x81efa9]
V  [jvm.dll+0x3bba01]
V  [jvm.dll+0x807928]
V  [jvm.dll+0x44f50e]
V  [jvm.dll+0x450e11]
C  [jli.dll+0x52a3]
C  [ucrtbase.dll+0x29333]
C  [KERNEL32.DLL+0x1259d]
C  [ntdll.dll+0x5af78]


---------------  P R O C E S S  ---------------

Threads class SMR info:
_java_thread_list=0x00007ff954bebb88, length=0, elements={
}

Java Threads: ( => current thread )
Total: 0

Other Threads:
  0x00000166fbbfa7f0 WorkerThread "GC Thread#0"                     [id=2320, stack(0x0000003a10c00000,0x0000003a10d00000) (1024K)]
  0x00000166fbc0af40 ConcurrentGCThread "G1 Main Marker"            [id=19348, stack(0x0000003a10d00000,0x0000003a10e00000) (1024K)]
  0x00000166fbc0c1e0 WorkerThread "G1 Conc#0"                       [id=16304, stack(0x0000003a10e00000,0x0000003a10f00000) (1024K)]

[error occurred during error reporting (printing all threads), id 0xc0000005, EXCEPTION_ACCESS_VIOLATION (0xc0000005) at pc=0x00007ff95435c6a7]
VM state: not at safepoint (not fully initialized)

VM Mutex/Monitor currently owned by a thread:  ([mutex/lock_event])
[0x00007ff954c5ce68] Heap_lock - owner thread: 0x00000166fb86c8e0

Heap address: 0x0000000085200000, size: 1966 MB, Compressed Oops mode: 32-bit

CDS archive(s) mapped at: [0x0000000000000000-0x0000000000000000-0x0000000000000000), size 0, SharedBaseAddress: 0x0000000800000000, ArchiveRelocationMode: 1.
Narrow klass base: 0x0000000000000000, Narrow klass shift: 0, Narrow klass range: 0x0

GC Precious Log:
 CardTable entry size: 512
 Card Set container configuration: InlinePtr #cards 5 size 8 Array Of Cards #cards 12 size 40 Howl #buckets 4 coarsen threshold 1843 Howl Bitmap #cards 512 size 80 coarsen threshold 460 Card regions per heap region 1 cards per card region 2048

Heap:
 garbage-first heap   total 0K, used 0K [0x0000000085200000, 0x0000000100000000)
  region size 1024K, 0 young (0K), 0 survivors (0K)

[error occurred during error reporting (printing heap information), id 0xc0000005, EXCEPTION_ACCESS_VIOLATION (0xc0000005) at pc=0x00007ff9547439f9]
GC Heap History (0 events):
No events

Dll operation events (1 events):
Event: 0.008 Loaded shared library C:\Program Files\Java\jdk-21\bin\java.dll

Deoptimization events (0 events):
No events

Classes loaded (0 events):
No events

Classes unloaded (0 events):
No events

Classes redefined (0 events):
No events

Internal exceptions (0 events):
No events

ZGC Phase Switch (0 events):
No events

VM Operations (0 events):
No events

Events (0 events):
No events


Dynamic libraries:
0x00007ff6116a0000 - 0x00007ff6116b0000 	C:\Program Files\Java\jdk-21\bin\java.exe
0x00007ff9cba50000 - 0x00007ff9cbc67000 	C:\windows\SYSTEM32\ntdll.dll
0x00007ff9cb420000 - 0x00007ff9cb4e4000 	C:\windows\System32\KERNEL32.DLL
0x00007ff9c8bc0000 - 0x00007ff9c8f92000 	C:\windows\System32\KERNELBASE.dll
0x00007ff9c93f0000 - 0x00007ff9c9501000 	C:\windows\System32\ucrtbase.dll
0x00007ff990e90000 - 0x00007ff990ea9000 	C:\Program Files\Java\jdk-21\bin\jli.dll
0x00007ff98fd70000 - 0x00007ff98fd8b000 	C:\Program Files\Java\jdk-21\bin\VCRUNTIME140.dll
0x00007ff9cae00000 - 0x00007ff9caeb1000 	C:\windows\System32\ADVAPI32.dll
0x00007ff9cb850000 - 0x00007ff9cb8f7000 	C:\windows\System32\msvcrt.dll
0x00007ff9caca0000 - 0x00007ff9cad48000 	C:\windows\System32\sechost.dll
0x00007ff9c9510000 - 0x00007ff9c9538000 	C:\windows\System32\bcrypt.dll
0x00007ff9c9dd0000 - 0x00007ff9c9ee4000 	C:\windows\System32\RPCRT4.dll
0x00007ff9cb4f0000 - 0x00007ff9cb6a1000 	C:\windows\System32\USER32.dll
0x00007ff9c9540000 - 0x00007ff9c9566000 	C:\windows\System32\win32u.dll
0x00007ff9a8e80000 - 0x00007ff9a911b000 	C:\windows\WinSxS\amd64_microsoft.windows.common-controls_6595b64144ccf1df_6.0.22621.5547_none_27104afb73855772\COMCTL32.dll
0x00007ff9c9bc0000 - 0x00007ff9c9be9000 	C:\windows\System32\GDI32.dll
0x00007ff9c9220000 - 0x00007ff9c9343000 	C:\windows\System32\gdi32full.dll
0x00007ff9c9350000 - 0x00007ff9c93ea000 	C:\windows\System32\msvcp_win.dll
0x00007ff9bbf30000 - 0x00007ff9bbf3a000 	C:\windows\SYSTEM32\VERSION.dll
0x00007ff9c9b00000 - 0x00007ff9c9b31000 	C:\windows\System32\IMM32.DLL
0x00007ff9c0e00000 - 0x00007ff9c0e0c000 	C:\Program Files\Java\jdk-21\bin\vcruntime140_1.dll
0x00007ff95d080000 - 0x00007ff95d10e000 	C:\Program Files\Java\jdk-21\bin\msvcp140.dll
0x00007ff954020000 - 0x00007ff954d37000 	C:\Program Files\Java\jdk-21\bin\server\jvm.dll
0x00007ff9cb990000 - 0x00007ff9cba01000 	C:\windows\System32\WS2_32.dll
0x00007ff9c79c0000 - 0x00007ff9c7a0d000 	C:\windows\SYSTEM32\POWRPROF.dll
0x00007ff9c2a40000 - 0x00007ff9c2a74000 	C:\windows\SYSTEM32\WINMM.dll
0x00007ff9c79a0000 - 0x00007ff9c79b3000 	C:\windows\SYSTEM32\UMPDC.dll
0x00007ff9c7c60000 - 0x00007ff9c7c78000 	C:\windows\SYSTEM32\kernel.appcore.dll
0x00007ff9a8c20000 - 0x00007ff9a8c2a000 	C:\Program Files\Java\jdk-21\bin\jimage.dll
0x00007ff9c6440000 - 0x00007ff9c6673000 	C:\windows\SYSTEM32\DBGHELP.DLL
0x00007ff9c9740000 - 0x00007ff9c9ad3000 	C:\windows\System32\combase.dll
0x00007ff9c9f00000 - 0x00007ff9c9fd7000 	C:\windows\System32\OLEAUT32.dll
0x00007ff9b2b60000 - 0x00007ff9b2b92000 	C:\windows\SYSTEM32\dbgcore.DLL
0x00007ff9c91a0000 - 0x00007ff9c921b000 	C:\windows\System32\bcryptPrimitives.dll
0x00007ff98fcd0000 - 0x00007ff98fcef000 	C:\Program Files\Java\jdk-21\bin\java.dll

dbghelp: loaded successfully - version: 4.0.5 - missing functions: none
symbol engine: initialized successfully - sym options: 0x614 - pdb path: .;C:\Program Files\Java\jdk-21\bin;C:\windows\SYSTEM32;C:\windows\WinSxS\amd64_microsoft.windows.common-controls_6595b64144ccf1df_6.0.22621.5547_none_27104afb73855772;C:\Program Files\Java\jdk-21\bin\server

VM Arguments:
java_command: <unknown>
java_class_path (initial): <not set>
Launcher Type: SUN_STANDARD

[Global flags]
     intx CICompilerCount                          = 4                                         {product} {ergonomic}
     uint ConcGCThreads                            = 3                                         {product} {ergonomic}
     uint G1ConcRefinementThreads                  = 10                                        {product} {ergonomic}
   size_t G1HeapRegionSize                         = 1048576                                   {product} {ergonomic}
    uintx GCDrainStackTargetSize                   = 64                                        {product} {ergonomic}
   size_t InitialHeapSize                          = 130023424                                 {product} {ergonomic}
   size_t MarkStackSize                            = 4194304                                   {product} {ergonomic}
   size_t MaxHeapSize                              = 2061500416                                {product} {ergonomic}
   size_t MinHeapDeltaBytes                        = 1048576                                   {product} {ergonomic}
   size_t MinHeapSize                              = 8388608                                   {product} {ergonomic}
    uintx NonNMethodCodeHeapSize                   = 5839372                                {pd product} {ergonomic}
    uintx NonProfiledCodeHeapSize                  = 122909434                              {pd product} {ergonomic}
    uintx ProfiledCodeHeapSize                     = 122909434                              {pd product} {ergonomic}
    uintx ReservedCodeCacheSize                    = 251658240                              {pd product} {ergonomic}
     bool SegmentedCodeCache                       = true                                      {product} {ergonomic}
   size_t SoftMaxHeapSize                          = 2061500416                             {manageable} {ergonomic}
     bool UseCompressedOops                        = true                           {product lp64_product} {ergonomic}
     bool UseG1GC                                  = true                                      {product} {ergonomic}
     bool UseLargePagesIndividualAllocation        = false                                  {pd product} {ergonomic}

Logging:
Log output configuration:
 #0: stdout all=warning uptime,level,tags foldmultilines=false
 #1: stderr all=off uptime,level,tags foldmultilines=false

Environment Variables:
PATH=C:\Program Files\Python313\Scripts\;C:\Program Files\Python313\;C:\Program Files\Common Files\Oracle\Java\javapath;C:\Program Files\Eclipse Adoptium\jdk-21.0.1.12-hotspot\bin;C:\windows\system32;C:\windows;C:\windows\System32\Wbem;C:\windows\System32\WindowsPowerShell\v1.0\;C:\windows\System32\OpenSSH\;C:\Program Files (x86)\NVIDIA Corporation\PhysX\Common;C:\Program Files\NVIDIA Corporation\NVIDIA NvDLISR;C:\MinGW\bin;C:\Program Files\Java\jdk-21\bin;C:\Program Files\Git\cmd;C:\Program Files\Git\mingw64\bin;C:\Program Files\Git\usr\bin;C:\Program Files\Git\cmd;C:\Program Files\Git\bin;C:\Program Files\nodejs\;C:\Program Files\MongoDB\Server\8.0\bin;C:\Program Files\MySQL\MySQL Shell 8.0\bin\;C:\Users\farha\AppData\Local\Microsoft\WindowsApps;C:\Program Files\JetBrains\IntelliJ IDEA Community Edition 2023.3.2\bin;;C:\Users\farha\AppData\Local\Programs\MiKTeX\miktex\bin\x64\;C:\Users\farha\AppData\Roaming\npm;C:\ProgramData\Microsoft\Windows\Start Menu\Programs\Node.js\Node.js.lnk;C:\Program Files\mongosh\
USERNAME=farha
OS=Windows_NT
PROCESSOR_IDENTIFIER=Intel64 Family 6 Model 154 Stepping 3, GenuineIntel
TMP=C:\Users\farha\AppData\Local\Temp
TEMP=C:\Users\farha\AppData\Local\Temp




Periodic native trim disabled

---------------  S Y S T E M  ---------------

OS:
 Windows 11 , 64 bit Build 22621 (10.0.22621.5415)
OS uptime: 0 days 9:58 hours
Hyper-V role detected

CPU: total 12 (initial active 12) (6 cores per cpu, 2 threads per core) family 6 model 154 stepping 3 microcode 0x432, cx8, cmov, fxsr, ht, mmx, 3dnowpref, sse, sse2, sse3, ssse3, sse4.1, sse4.2, popcnt, lzcnt, tsc, tscinvbit, avx, avx2, aes, erms, clmul, bmi1, bmi2, adx, sha, fma, vzeroupper, clflush, clflushopt, clwb, hv, serialize, rdtscp, rdpid, fsrm, f16c, cet_ibt, cet_ss
Processor Information for processor 0
  Max Mhz: 2000, Current Mhz: 2000, Mhz Limit: 2000
Processor Information for processor 1
  Max Mhz: 2000, Current Mhz: 2000, Mhz Limit: 2000
Processor Information for processor 2
  Max Mhz: 2000, Current Mhz: 2000, Mhz Limit: 2000
Processor Information for processor 3
  Max Mhz: 2000, Current Mhz: 2000, Mhz Limit: 2000
Processor Information for processor 4
  Max Mhz: 2000, Current Mhz: 2000, Mhz Limit: 2000
Processor Information for processor 5
  Max Mhz: 2000, Current Mhz: 2000, Mhz Limit: 2000
Processor Information for processor 6
  Max Mhz: 2000, Current Mhz: 2000, Mhz Limit: 2000
Processor Information for processor 7
  Max Mhz: 2000, Current Mhz: 2000, Mhz Limit: 2000
Processor Information for processor 8
  Max Mhz: 2000, Current Mhz: 1500, Mhz Limit: 1500
Processor Information for processor 9
  Max Mhz: 2000, Current Mhz: 1500, Mhz Limit: 1500
Processor Information for processor 10
  Max Mhz: 2000, Current Mhz: 1500, Mhz Limit: 1500
Processor Information for processor 11
  Max Mhz: 2000, Current Mhz: 1500, Mhz Limit: 1500

Memory: 4k page, system-wide physical 7860M (900M free)
TotalPageFile size 12176M (AvailPageFile size 100M)
current process WorkingSet (physical memory assigned to process): 11M, peak: 11M
current process commit charge ("private bytes"): 64M, peak: 188M

vm_info: Java HotSpot(TM) 64-Bit Server VM (21.0.2+13-LTS-58) for windows-amd64 JRE (21.0.2+13-LTS-58), built on 2024-01-05T18:32:24Z by "mach5one" with MS VC++ 17.1 (VS2022)

END.
